c:\users\wlgns_000\documents\카카오톡 받은 파일\20156166 김준호\20156166 김준호\avenchess_v13\avenchess_v13\release\vc120.pdb
c:\users\wlgns_000\documents\카카오톡 받은 파일\20156166 김준호\20156166 김준호\avenchess_v13\avenchess_v13\release\vertexbufferobject.obj
c:\users\wlgns_000\documents\카카오톡 받은 파일\20156166 김준호\20156166 김준호\avenchess_v13\avenchess_v13\release\tpcamera.obj
c:\users\wlgns_000\documents\카카오톡 받은 파일\20156166 김준호\20156166 김준호\avenchess_v13\avenchess_v13\release\texturemgr.obj
c:\users\wlgns_000\documents\카카오톡 받은 파일\20156166 김준호\20156166 김준호\avenchess_v13\avenchess_v13\release\shader.obj
c:\users\wlgns_000\documents\카카오톡 받은 파일\20156166 김준호\20156166 김준호\avenchess_v13\avenchess_v13\release\rendermain.obj
c:\users\wlgns_000\documents\카카오톡 받은 파일\20156166 김준호\20156166 김준호\avenchess_v13\avenchess_v13\release\quad.obj
c:\users\wlgns_000\documents\카카오톡 받은 파일\20156166 김준호\20156166 김준호\avenchess_v13\avenchess_v13\release\objmodel.obj
c:\users\wlgns_000\documents\카카오톡 받은 파일\20156166 김준호\20156166 김준호\avenchess_v13\avenchess_v13\release\main.obj
c:\users\wlgns_000\documents\카카오톡 받은 파일\20156166 김준호\20156166 김준호\avenchess_v13\avenchess_v13\release\light.obj
c:\users\wlgns_000\documents\카카오톡 받은 파일\20156166 김준호\20156166 김준호\avenchess_v13\avenchess_v13\release\geometry.obj
c:\users\wlgns_000\documents\카카오톡 받은 파일\20156166 김준호\20156166 김준호\avenchess_v13\avenchess_v13\release\fpcamera.obj
c:\users\wlgns_000\documents\카카오톡 받은 파일\20156166 김준호\20156166 김준호\avenchess_v13\avenchess_v13\release\cubemap.obj
c:\users\wlgns_000\documents\카카오톡 받은 파일\20156166 김준호\20156166 김준호\avenchess_v13\avenchess_v13\release\cube.obj
c:\users\wlgns_000\documents\카카오톡 받은 파일\20156166 김준호\20156166 김준호\avenchess_v13\avenchess_v13\release\camera.obj
c:\users\wlgns_000\documents\카카오톡 받은 파일\20156166 김준호\20156166 김준호\avenchess_v13\avenchess_v13\release\application.obj
c:\users\wlgns_000\documents\카카오톡 받은 파일\20156166 김준호\20156166 김준호\avenchess_v13\release\avenchess_v13.exe
c:\users\wlgns_000\documents\카카오톡 받은 파일\20156166 김준호\20156166 김준호\avenchess_v13\release\avenchess_v13.pdb
c:\users\wlgns_000\documents\카카오톡 받은 파일\20156166 김준호\20156166 김준호\avenchess_v13\avenchess_v13\release\avenchess_v13.tlog\cl.command.1.tlog
c:\users\wlgns_000\documents\카카오톡 받은 파일\20156166 김준호\20156166 김준호\avenchess_v13\avenchess_v13\release\avenchess_v13.tlog\cl.read.1.tlog
c:\users\wlgns_000\documents\카카오톡 받은 파일\20156166 김준호\20156166 김준호\avenchess_v13\avenchess_v13\release\avenchess_v13.tlog\cl.write.1.tlog
c:\users\wlgns_000\documents\카카오톡 받은 파일\20156166 김준호\20156166 김준호\avenchess_v13\avenchess_v13\release\avenchess_v13.tlog\link.command.1.tlog
c:\users\wlgns_000\documents\카카오톡 받은 파일\20156166 김준호\20156166 김준호\avenchess_v13\avenchess_v13\release\avenchess_v13.tlog\link.read.1.tlog
c:\users\wlgns_000\documents\카카오톡 받은 파일\20156166 김준호\20156166 김준호\avenchess_v13\avenchess_v13\release\avenchess_v13.tlog\link.write.1.tlog
