c:\users\김형주\desktop\진행중\hjengine_v15\hjengine_v15\release\vc140.pdb
c:\users\김형주\desktop\진행중\hjengine_v15\hjengine_v15\release\vertexbufferobject.obj
c:\users\김형주\desktop\진행중\hjengine_v15\hjengine_v15\release\texturemgr.obj
c:\users\김형주\desktop\진행중\hjengine_v15\hjengine_v15\release\shader.obj
c:\users\김형주\desktop\진행중\hjengine_v15\hjengine_v15\release\quad.obj
c:\users\김형주\desktop\진행중\hjengine_v15\hjengine_v15\release\objmodel.obj
c:\users\김형주\desktop\진행중\hjengine_v15\hjengine_v15\release\main.obj
c:\users\김형주\desktop\진행중\hjengine_v15\hjengine_v15\release\rendermain.obj
c:\users\김형주\desktop\진행중\hjengine_v15\hjengine_v15\release\geometry.obj
c:\users\김형주\desktop\진행중\hjengine_v15\hjengine_v15\release\cube.obj
c:\users\김형주\desktop\진행중\hjengine_v15\hjengine_v15\release\camera.obj
c:\users\김형주\desktop\진행중\hjengine_v15\hjengine_v15\release\tpcamera.obj
c:\users\김형주\desktop\진행중\hjengine_v15\hjengine_v15\release\fpcamera.obj
c:\users\김형주\desktop\진행중\hjengine_v15\hjengine_v15\release\application.obj
c:\users\김형주\desktop\진행중\hjengine_v15\hjengine_v15\release\light.obj
c:\users\김형주\desktop\진행중\hjengine_v15\release\hjengine_v15.exe
c:\users\김형주\desktop\진행중\hjengine_v15\release\hjengine_v15.pdb
c:\users\김형주\desktop\진행중\hjengine_v15\hjengine_v15\release\box.obj
c:\users\김형주\desktop\진행중\hjengine_v15\hjengine_v15\release\cam1.obj
c:\users\김형주\desktop\진행중\hjengine_v15\hjengine_v15\release\cam2.obj
c:\users\김형주\desktop\진행중\hjengine_v15\hjengine_v15\release\hw1.obj
c:\users\김형주\desktop\진행중\hjengine_v15\hjengine_v15\release\hw2.obj
c:\users\김형주\desktop\진행중\hjengine_v15\hjengine_v15\release\hw2ex.obj
c:\users\김형주\desktop\진행중\hjengine_v15\hjengine_v15\release\hw3.obj
c:\users\김형주\desktop\진행중\hjengine_v15\hjengine_v15\release\hw4.obj
c:\users\김형주\desktop\진행중\hjengine_v15\hjengine_v15\release\lecture5.obj
c:\users\김형주\desktop\진행중\hjengine_v15\hjengine_v15\release\lecture6.obj
c:\users\김형주\desktop\진행중\hjengine_v15\hjengine_v15\release\plane.obj
c:\users\김형주\desktop\진행중\hjengine_v15\hjengine_v15\release\renermain.obj
c:\users\김형주\desktop\진행중\hjengine_v15\hjengine_v15\release\triangle.obj
c:\users\김형주\desktop\진행중\hjengine_v15\hjengine_v15\release\hjengine_v15.tlog\cl.command.1.tlog
c:\users\김형주\desktop\진행중\hjengine_v15\hjengine_v15\release\hjengine_v15.tlog\cl.read.1.tlog
c:\users\김형주\desktop\진행중\hjengine_v15\hjengine_v15\release\hjengine_v15.tlog\cl.write.1.tlog
c:\users\김형주\desktop\진행중\hjengine_v15\hjengine_v15\release\hjengine_v15.tlog\link.command.1.tlog
c:\users\김형주\desktop\진행중\hjengine_v15\hjengine_v15\release\hjengine_v15.tlog\link.read.1.tlog
c:\users\김형주\desktop\진행중\hjengine_v15\hjengine_v15\release\hjengine_v15.tlog\link.write.1.tlog
