Build started 2017-12-03 오후 8:22:29.
     1>Project "C:\Users\wlgns_000\Documents\카카오톡 받은 파일\20156166 김준호\20156166 김준호\AvenChess_V13\AvenChess_V13\AvenChess_V13.vcxproj" on node 2 (Build target(s)).
     1>C:\Program Files (x86)\MSBuild\Microsoft.Cpp\v4.0\V120\Microsoft.CppBuild.targets(388,5): warning MSB8028: The intermediate directory (Debug\) contains files shared from another project (JHEngine_V15.vcxproj, JHEngine_V13.vcxproj, Project2.vcxproj).  This can lead to incorrect clean and rebuild behavior.
     1>ClCompile:
         C:\Program Files (x86)\Microsoft Visual Studio 12.0\VC\bin\CL.exe /c /I..\include\ /ZI /nologo /W3 /WX- /sdl /Od /Oy- /D _CRT_SECURE_NO_WARNINGS /D _MBCS /Gm /EHsc /RTC1 /MDd /GS /fp:precise /Zc:wchar_t /Zc:forScope /Fo"Debug\\" /Fd"Debug\vc120.pdb" /Gd /TP /analyze- /errorReport:prompt Application.cpp Camera.cpp Cube.cpp Cubemap.cpp FPCamera.cpp Geometry.cpp Light.cpp main.cpp objModel.cpp Quad.cpp Rendermain.cpp Shader.cpp TextureMgr.cpp TPCamera.cpp vertexBufferObject.cpp
         vertexBufferObject.cpp
         TPCamera.cpp
     1>c:\users\wlgns_000\documents\카카오톡 받은 파일\20156166 김준호\20156166 김준호\avenchess_v13\avenchess_v13\tpcamera.cpp(67): warning C4305: '*=' : truncation from 'double' to 'float'
     1>c:\users\wlgns_000\documents\카카오톡 받은 파일\20156166 김준호\20156166 김준호\avenchess_v13\avenchess_v13\tpcamera.cpp(68): warning C4305: '*=' : truncation from 'double' to 'float'
     1>c:\users\wlgns_000\documents\카카오톡 받은 파일\20156166 김준호\20156166 김준호\avenchess_v13\avenchess_v13\tpcamera.cpp(83): warning C4305: '*=' : truncation from 'double' to 'float'
     1>c:\users\wlgns_000\documents\카카오톡 받은 파일\20156166 김준호\20156166 김준호\avenchess_v13\avenchess_v13\tpcamera.cpp(89): warning C4305: '*=' : truncation from 'double' to 'float'
     1>c:\users\wlgns_000\documents\카카오톡 받은 파일\20156166 김준호\20156166 김준호\avenchess_v13\avenchess_v13\tpcamera.cpp(90): warning C4305: '*=' : truncation from 'double' to 'float'
         TextureMgr.cpp
         Shader.cpp
         Rendermain.cpp
     1>c:\users\wlgns_000\documents\카카오톡 받은 파일\20156166 김준호\20156166 김준호\avenchess_v13\avenchess_v13\rendermain.cpp(19): warning C4244: 'initializing' : conversion from 'double' to 'float', possible loss of data
     1>c:\users\wlgns_000\documents\카카오톡 받은 파일\20156166 김준호\20156166 김준호\avenchess_v13\avenchess_v13\rendermain.cpp(202): warning C4101: 'program' : unreferenced local variable
     1>c:\users\wlgns_000\documents\카카오톡 받은 파일\20156166 김준호\20156166 김준호\avenchess_v13\avenchess_v13\rendermain.cpp(926): warning C4244: 'initializing' : conversion from 'double' to 'float', possible loss of data
     1>c:\users\wlgns_000\documents\카카오톡 받은 파일\20156166 김준호\20156166 김준호\avenchess_v13\avenchess_v13\rendermain.cpp(927): warning C4244: 'initializing' : conversion from 'double' to 'float', possible loss of data
     1>c:\users\wlgns_000\documents\카카오톡 받은 파일\20156166 김준호\20156166 김준호\avenchess_v13\avenchess_v13\rendermain.cpp(928): warning C4244: '=' : conversion from 'double' to 'float', possible loss of data
     1>c:\users\wlgns_000\documents\카카오톡 받은 파일\20156166 김준호\20156166 김준호\avenchess_v13\avenchess_v13\rendermain.cpp(929): warning C4244: '=' : conversion from 'double' to 'float', possible loss of data
         Quad.cpp
         objModel.cpp
         main.cpp
         Light.cpp
         Geometry.cpp
         FPCamera.cpp
         Cubemap.cpp
         Cube.cpp
         Camera.cpp
         Application.cpp
         Generating Code...
       Link:
         C:\Program Files (x86)\Microsoft Visual Studio 12.0\VC\bin\link.exe /ERRORREPORT:PROMPT /OUT:"C:\Users\wlgns_000\Documents\카카오톡 받은 파일\20156166 김준호\20156166 김준호\AvenChess_V13\Debug\AvenChess_V13.exe" /INCREMENTAL /NOLOGO /LIBPATH:..\Lib\ Glfw3.lib opengl32.lib glew32.lib kernel32.lib user32.lib gdi32.lib winspool.lib comdlg32.lib advapi32.lib shell32.lib ole32.lib oleaut32.lib uuid.lib odbc32.lib odbccp32.lib /MANIFEST /MANIFESTUAC:"level='asInvoker' uiAccess='false'" /manifest:embed /DEBUG /PDB:"C:\Users\wlgns_000\Documents\카카오톡 받은 파일\20156166 김준호\20156166 김준호\AvenChess_V13\Debug\AvenChess_V13.pdb" /TLBID:1 /DYNAMICBASE /NXCOMPAT /IMPLIB:"C:\Users\wlgns_000\Documents\카카오톡 받은 파일\20156166 김준호\20156166 김준호\AvenChess_V13\Debug\AvenChess_V13.lib" /MACHINE:X86 Debug\Application.obj
         Debug\Camera.obj
         Debug\Cube.obj
         Debug\Cubemap.obj
         Debug\FPCamera.obj
         Debug\Geometry.obj
         Debug\Light.obj
         Debug\main.obj
         Debug\objModel.obj
         Debug\Quad.obj
         Debug\Rendermain.obj
         Debug\Shader.obj
         Debug\TextureMgr.obj
         Debug\TPCamera.obj
         Debug\vertexBufferObject.obj
     1>LINK : warning LNK4098: defaultlib 'MSVCRT' conflicts with use of other libs; use /NODEFAULTLIB:library
         AvenChess_V13.vcxproj -> C:\Users\wlgns_000\Documents\카카오톡 받은 파일\20156166 김준호\20156166 김준호\AvenChess_V13\Debug\AvenChess_V13.exe
     1>Done Building Project "C:\Users\wlgns_000\Documents\카카오톡 받은 파일\20156166 김준호\20156166 김준호\AvenChess_V13\AvenChess_V13\AvenChess_V13.vcxproj" (Build target(s)).

Build succeeded.

Time Elapsed 00:00:22.36
