c:\users\jh\desktop\20156166 김준호\jhengine_v13\jhengine_v13\debug\vc120.pdb
c:\users\jh\desktop\20156166 김준호\jhengine_v13\jhengine_v13\debug\vc120.idb
c:\users\jh\desktop\20156166 김준호\jhengine_v13\jhengine_v13\debug\lecture6.obj
c:\users\jh\desktop\20156166 김준호\jhengine_v13\jhengine_v13\debug\application.obj
c:\users\jh\desktop\20156166 김준호\jhengine_v13\jhengine_v13\debug\camera.obj
c:\users\jh\desktop\20156166 김준호\jhengine_v13\jhengine_v13\debug\cube.obj
c:\users\jh\desktop\20156166 김준호\jhengine_v13\jhengine_v13\debug\cubemap.obj
c:\users\jh\desktop\20156166 김준호\jhengine_v13\jhengine_v13\debug\geometry.obj
c:\users\jh\desktop\20156166 김준호\jhengine_v13\jhengine_v13\debug\main.obj
c:\users\jh\desktop\20156166 김준호\jhengine_v13\jhengine_v13\debug\fpcamera.obj
c:\users\jh\desktop\20156166 김준호\jhengine_v13\jhengine_v13\debug\shader.obj
c:\users\jh\desktop\20156166 김준호\jhengine_v13\jhengine_v13\debug\texturemgr.obj
c:\users\jh\desktop\20156166 김준호\jhengine_v13\jhengine_v13\debug\tpcamera.obj
c:\users\jh\desktop\20156166 김준호\jhengine_v13\debug\jhengine_v13.ilk
c:\users\jh\desktop\20156166 김준호\jhengine_v13\debug\jhengine_v13.exe
c:\users\jh\desktop\20156166 김준호\jhengine_v13\debug\jhengine_v13.pdb
c:\users\jh\desktop\20156166 김준호\jhengine_v13\jhengine_v13\debug\jhengine_v13.tlog\cl.command.1.tlog
c:\users\jh\desktop\20156166 김준호\jhengine_v13\jhengine_v13\debug\jhengine_v13.tlog\cl.read.1.tlog
c:\users\jh\desktop\20156166 김준호\jhengine_v13\jhengine_v13\debug\jhengine_v13.tlog\cl.write.1.tlog
c:\users\jh\desktop\20156166 김준호\jhengine_v13\jhengine_v13\debug\jhengine_v13.tlog\link.command.1.tlog
c:\users\jh\desktop\20156166 김준호\jhengine_v13\jhengine_v13\debug\jhengine_v13.tlog\link.read.1.tlog
c:\users\jh\desktop\20156166 김준호\jhengine_v13\jhengine_v13\debug\jhengine_v13.tlog\link.write.1.tlog
